[0724/175706.785:ERROR:process_reader_win.cc(151)] SuspendThread: Access is denied. (0x5)
[0724/175706.788:ERROR:process_reader_win.cc(151)] SuspendThread: Access is denied. (0x5)
[0724/175706.789:ERROR:process_reader_win.cc(151)] SuspendThread: Access is denied. (0x5)
[0724/175706.781:ERROR:process_reader_win.cc(151)] SuspendThread: Access is denied. (0x5)
[0724/175706.789:ERROR:process_reader_win.cc(151)] SuspendThread: Access is denied. (0x5)
[0724/175706.789:ERROR:process_reader_win.cc(151)] SuspendThread: Access is denied. (0x5)
[0724/175706.789:ERROR:process_reader_win.cc(151)] SuspendThread: Access is denied. (0x5)
[0724/175706.789:ERROR:process_reader_win.cc(151)] SuspendThread: Access is denied. (0x5)
[0724/175706.789:ERROR:process_reader_win.cc(151)] SuspendThread: Access is denied. (0x5)
[0724/175706.789:ERROR:process_reader_win.cc(151)] SuspendThread: Access is denied. (0x5)
[0724/175706.793:ERROR:process_reader_win.cc(151)] SuspendThread: Access is denied. (0x5)
[0724/175706.793:ERROR:process_reader_win.cc(151)] SuspendThread: Access is denied. (0x5)
[0724/175706.793:ERROR:process_reader_win.cc(151)] SuspendThread: Access is denied. (0x5)
[0724/175706.793:ERROR:process_reader_win.cc(151)] SuspendThread: Access is denied. (0x5)
[0724/175706.794:ERROR:process_reader_win.cc(151)] SuspendThread: Access is denied. (0x5)
[0724/175706.794:ERROR:process_reader_win.cc(151)] SuspendThread: Access is denied. (0x5)
[0724/175706.794:ERROR:process_reader_win.cc(151)] SuspendThread: Access is denied. (0x5)
[0724/175706.794:ERROR:process_reader_win.cc(151)] SuspendThread: Access is denied. (0x5)
[0724/175706.794:ERROR:process_reader_win.cc(151)] SuspendThread: Access is denied. (0x5)
[0724/175706.794:ERROR:process_reader_win.cc(151)] SuspendThread: Access is denied. (0x5)
[0724/175706.794:ERROR:process_reader_win.cc(151)] SuspendThread: Access is denied. (0x5)
[0724/175706.794:ERROR:exception_snapshot_win.cc(98)] thread ID 23236 not found in process
[0724/175706.794:ERROR:process_reader_win.cc(151)] SuspendThread: Access is denied. (0x5)
[0724/175706.795:ERROR:exception_snapshot_win.cc(98)] thread ID 8412 not found in process
[0724/175706.797:ERROR:process_reader_win.cc(151)] SuspendThread: Access is denied. (0x5)
[0724/175706.797:ERROR:process_reader_win.cc(151)] SuspendThread: Access is denied. (0x5)
[0724/175706.797:ERROR:process_reader_win.cc(151)] SuspendThread: Access is denied. (0x5)
[0724/175706.798:ERROR:process_reader_win.cc(151)] SuspendThread: Access is denied. (0x5)
[0724/175706.798:ERROR:process_reader_win.cc(151)] SuspendThread: Access is denied. (0x5)
[0724/175706.798:ERROR:process_reader_win.cc(151)] SuspendThread: Access is denied. (0x5)
[0724/175706.798:ERROR:process_reader_win.cc(151)] SuspendThread: Access is denied. (0x5)
[0724/175706.798:ERROR:process_reader_win.cc(151)] SuspendThread: Access is denied. (0x5)
[0724/175706.621:ERROR:scoped_process_suspend.cc(31)] NtSuspendProcess: An attempt was made to access an exiting process. (0xc000010a)
[0724/175706.799:ERROR:process_info.cc(118)] ReadProcessMemory bool __cdecl crashpad::(anonymous namespace)::ReadStruct(HANDLE, crashpad::WinVMAddress, T *) [T = crashpad::process_types::PEB<crashpad::process_types::internal::Traits64>]: Only part of a ReadProcessMemory or WriteProcessMemory request was completed. (0x12B)
[0724/175706.799:ERROR:process_info.cc(551)] ReadProcessData failed
[0724/175706.799:ERROR:process_reader_win.cc(151)] SuspendThread: Access is denied. (0x5)
[0724/175706.799:ERROR:process_reader_win.cc(151)] SuspendThread: Access is denied. (0x5)
[0724/175706.799:ERROR:process_reader_win.cc(151)] SuspendThread: Access is denied. (0x5)
[0724/175706.799:ERROR:process_reader_win.cc(151)] SuspendThread: Access is denied. (0x5)
[0724/175706.799:ERROR:exception_snapshot_win.cc(98)] thread ID 6476 not found in process
[0724/175706.799:ERROR:process_reader_win.cc(151)] SuspendThread: Access is denied. (0x5)
[0724/175706.800:ERROR:process_reader_win.cc(151)] SuspendThread: Access is denied. (0x5)
[0724/175706.800:ERROR:process_reader_win.cc(151)] SuspendThread: Access is denied. (0x5)
[0724/175706.800:ERROR:process_reader_win.cc(151)] SuspendThread: Access is denied. (0x5)
[0724/175706.801:ERROR:process_reader_win.cc(151)] SuspendThread: Access is denied. (0x5)
[0724/175706.801:ERROR:process_reader_win.cc(151)] SuspendThread: Access is denied. (0x5)
[0724/175706.801:ERROR:process_reader_win.cc(151)] SuspendThread: Access is denied. (0x5)
[0724/175706.801:ERROR:process_reader_win.cc(151)] SuspendThread: Access is denied. (0x5)
[0724/175706.801:ERROR:process_reader_win.cc(151)] SuspendThread: Access is denied. (0x5)
[0724/175706.801:ERROR:process_reader_win.cc(151)] SuspendThread: Access is denied. (0x5)
[0724/175706.801:ERROR:process_reader_win.cc(151)] SuspendThread: Access is denied. (0x5)
[0724/175706.801:ERROR:process_reader_win.cc(151)] SuspendThread: Access is denied. (0x5)
[0724/175706.801:ERROR:process_reader_win.cc(151)] SuspendThread: Access is denied. (0x5)
[0724/175706.801:ERROR:process_reader_win.cc(151)] SuspendThread: Access is denied. (0x5)
[0724/175706.801:ERROR:process_reader_win.cc(151)] SuspendThread: Access is denied. (0x5)
[0724/175706.802:ERROR:process_reader_win.cc(151)] SuspendThread: Access is denied. (0x5)
[0724/175706.802:ERROR:process_reader_win.cc(151)] SuspendThread: Access is denied. (0x5)
[0724/175706.802:ERROR:process_reader_win.cc(151)] SuspendThread: Access is denied. (0x5)
[0724/175706.802:ERROR:process_reader_win.cc(151)] SuspendThread: Access is denied. (0x5)
[0724/175706.802:ERROR:process_reader_win.cc(151)] SuspendThread: Access is denied. (0x5)
[0724/175706.802:ERROR:process_reader_win.cc(151)] SuspendThread: Access is denied. (0x5)
[0724/175706.802:ERROR:process_reader_win.cc(151)] SuspendThread: Access is denied. (0x5)
[0724/175706.802:ERROR:exception_snapshot_win.cc(98)] thread ID 21928 not found in process
[0724/175706.802:ERROR:process_reader_win.cc(151)] SuspendThread: Access is denied. (0x5)
[0724/175706.803:ERROR:exception_snapshot_win.cc(98)] thread ID 20260 not found in process
[0724/175706.806:ERROR:process_reader_win.cc(151)] SuspendThread: Access is denied. (0x5)
[0724/175706.806:ERROR:process_reader_win.cc(151)] SuspendThread: Access is denied. (0x5)
[0724/175706.807:ERROR:process_reader_win.cc(151)] SuspendThread: Access is denied. (0x5)
[0724/175706.807:ERROR:process_reader_win.cc(151)] SuspendThread: Access is denied. (0x5)
[0724/175706.807:ERROR:process_reader_win.cc(151)] SuspendThread: Access is denied. (0x5)
[0724/175706.807:ERROR:process_reader_win.cc(151)] SuspendThread: Access is denied. (0x5)
[0724/175706.807:ERROR:process_reader_win.cc(151)] SuspendThread: Access is denied. (0x5)
[0724/175706.807:ERROR:process_reader_win.cc(151)] SuspendThread: Access is denied. (0x5)
[0724/175706.808:ERROR:process_reader_win.cc(151)] SuspendThread: Access is denied. (0x5)
[0724/175706.808:ERROR:process_reader_win.cc(151)] SuspendThread: Access is denied. (0x5)
[0724/175706.808:ERROR:exception_snapshot_win.cc(98)] thread ID 22632 not found in process
[0724/175706.780:ERROR:process_reader_win.cc(151)] SuspendThread: Access is denied. (0x5)
[0724/175706.809:ERROR:process_reader_win.cc(151)] SuspendThread: Access is denied. (0x5)
[0724/175706.809:ERROR:process_reader_win.cc(151)] SuspendThread: Access is denied. (0x5)
[0724/175706.810:ERROR:process_reader_win.cc(151)] SuspendThread: Access is denied. (0x5)
[0724/175706.810:ERROR:process_reader_win.cc(151)] SuspendThread: Access is denied. (0x5)
[0724/175706.810:ERROR:process_reader_win.cc(151)] SuspendThread: Access is denied. (0x5)
[0724/175706.810:ERROR:process_reader_win.cc(151)] SuspendThread: Access is denied. (0x5)
[0724/175706.811:ERROR:process_reader_win.cc(151)] SuspendThread: Access is denied. (0x5)
[0724/175706.811:ERROR:process_reader_win.cc(151)] SuspendThread: Access is denied. (0x5)
[0724/175706.811:ERROR:process_reader_win.cc(151)] SuspendThread: Access is denied. (0x5)
[0724/175706.811:ERROR:process_reader_win.cc(151)] SuspendThread: Access is denied. (0x5)
[0724/175706.811:ERROR:exception_snapshot_win.cc(98)] thread ID 21644 not found in process
[0724/175706.812:ERROR:process_reader_win.cc(151)] SuspendThread: Access is denied. (0x5)
[0724/175706.812:ERROR:process_reader_win.cc(151)] SuspendThread: Access is denied. (0x5)
[0724/175706.813:ERROR:process_reader_win.cc(151)] SuspendThread: Access is denied. (0x5)
[0724/175706.813:ERROR:process_reader_win.cc(151)] SuspendThread: Access is denied. (0x5)
[0724/175706.813:ERROR:process_reader_win.cc(151)] SuspendThread: Access is denied. (0x5)
[0724/175706.813:ERROR:process_reader_win.cc(151)] SuspendThread: Access is denied. (0x5)
[0724/175706.813:ERROR:process_reader_win.cc(151)] SuspendThread: Access is denied. (0x5)
[0724/175706.814:ERROR:process_reader_win.cc(151)] SuspendThread: Access is denied. (0x5)
[0724/175706.814:ERROR:process_reader_win.cc(151)] SuspendThread: Access is denied. (0x5)
[0724/175706.814:ERROR:process_reader_win.cc(151)] SuspendThread: Access is denied. (0x5)
[0724/175706.814:ERROR:process_reader_win.cc(151)] SuspendThread: Access is denied. (0x5)
[0724/175706.814:ERROR:process_reader_win.cc(151)] SuspendThread: Access is denied. (0x5)
[0724/175706.814:ERROR:exception_snapshot_win.cc(98)] thread ID 3972 not found in process
[0724/175706.778:ERROR:process_reader_win.cc(151)] SuspendThread: Access is denied. (0x5)
[0724/175706.885:ERROR:process_reader_win.cc(151)] SuspendThread: Access is denied. (0x5)
[0724/175706.885:ERROR:process_reader_win.cc(151)] SuspendThread: Access is denied. (0x5)
[0724/175706.885:ERROR:process_reader_win.cc(151)] SuspendThread: Access is denied. (0x5)
[0724/175706.885:ERROR:process_reader_win.cc(151)] SuspendThread: Access is denied. (0x5)
[0724/175706.885:ERROR:process_reader_win.cc(151)] SuspendThread: Access is denied. (0x5)
[0724/175706.886:ERROR:process_reader_win.cc(151)] SuspendThread: Access is denied. (0x5)
[0724/175706.886:ERROR:process_reader_win.cc(151)] SuspendThread: Access is denied. (0x5)
[0724/175706.886:ERROR:process_reader_win.cc(151)] SuspendThread: Access is denied. (0x5)
[0724/175706.886:ERROR:process_reader_win.cc(151)] SuspendThread: Access is denied. (0x5)
[0724/175706.886:ERROR:process_reader_win.cc(151)] SuspendThread: Access is denied. (0x5)
[0724/175706.886:ERROR:exception_snapshot_win.cc(98)] thread ID 8080 not found in process
[0724/175706.926:ERROR:process_reader_win.cc(151)] SuspendThread: Access is denied. (0x5)
[0724/175706.926:ERROR:process_reader_win.cc(151)] SuspendThread: Access is denied. (0x5)
[0724/175706.926:ERROR:process_reader_win.cc(151)] SuspendThread: Access is denied. (0x5)
[0724/175706.926:ERROR:process_reader_win.cc(151)] SuspendThread: Access is denied. (0x5)
[0724/175706.927:ERROR:process_reader_win.cc(151)] SuspendThread: Access is denied. (0x5)
[0724/175706.927:ERROR:process_reader_win.cc(151)] SuspendThread: Access is denied. (0x5)
[0724/175706.927:ERROR:process_reader_win.cc(151)] SuspendThread: Access is denied. (0x5)
[0724/175706.927:ERROR:process_reader_win.cc(151)] SuspendThread: Access is denied. (0x5)
[0724/175706.928:ERROR:process_reader_win.cc(151)] SuspendThread: Access is denied. (0x5)
[0724/175706.928:ERROR:process_reader_win.cc(151)] SuspendThread: Access is denied. (0x5)
[0724/175706.928:ERROR:process_reader_win.cc(151)] SuspendThread: Access is denied. (0x5)
[0724/175706.928:ERROR:exception_snapshot_win.cc(98)] thread ID 8016 not found in process
[0724/175706.941:ERROR:process_reader_win.cc(151)] SuspendThread: Access is denied. (0x5)
[0724/175706.941:ERROR:process_reader_win.cc(151)] SuspendThread: Access is denied. (0x5)
[0724/175706.941:ERROR:process_reader_win.cc(151)] SuspendThread: Access is denied. (0x5)
[0724/175706.941:ERROR:process_reader_win.cc(151)] SuspendThread: Access is denied. (0x5)
[0724/175706.942:ERROR:process_reader_win.cc(151)] SuspendThread: Access is denied. (0x5)
[0724/175706.942:ERROR:process_reader_win.cc(151)] SuspendThread: Access is denied. (0x5)
[0724/175706.942:ERROR:process_reader_win.cc(151)] SuspendThread: Access is denied. (0x5)
[0724/175706.942:ERROR:exception_snapshot_win.cc(98)] thread ID 25012 not found in process
